<?xml version="1.0" encoding="UTF-8"?>
<!-- Generated by org.testng.reporters.JUnitXMLReporter -->
<testsuite ignored="0" hostname="Ranjith-290B2G2" failures="0" tests="1" name="E-commerce portal automation" time="3.287" errors="0" timestamp="2024-02-19T12:08:29 IST">
  <testcase classname="com.drivermanager.Driver" name="@BeforeMethod invokeApp" time="-1.708324705861E9">
    <failure type="org.testng.TestNGException" message="
Parameter &amp;apos;browsername&amp;apos; is required by BeforeMethod on method invokeApp but has not been marked @Optional or defined
in C:\Users\ranjithkumar.sivakum\git\EmirateDriving-EDC(1)\Emircom\xpheno.xml">
      <![CDATA[org.testng.TestNGException: 
Parameter 'browsername' is required by BeforeMethod on method invokeApp but has not been marked @Optional or defined
in C:\Users\ranjithkumar.sivakum\git\EmirateDriving-EDC(1)\Emircom\xpheno.xml
at java.base/java.util.concurrent.ThreadPoolExecutor.runWorker(ThreadPoolExecutor.java:1136)
at java.base/java.util.concurrent.ThreadPoolExecutor$Worker.run(ThreadPoolExecutor.java:635)
at java.base/java.lang.Thread.run(Thread.java:833)
... Removed 13 stack frames]]>
    </failure>
  </testcase> <!-- @BeforeMethod invokeApp -->
  <testcase classname="com.drivermanager.Driver" name="@AfterMethod closebrowser" time="-1.708324709063E9">
    <skipped/>
  </testcase> <!-- @AfterMethod closebrowser -->
  <testcase classname="xpheno.XphenoSearch" name="xphenoSearch" time="0.0">
    <skipped/>
  </testcase> <!-- xphenoSearch -->
</testsuite> <!-- E-commerce portal automation -->
