<?xml version="1.0" encoding="UTF-8"?>
<testng-results ignored="0" total="5" passed="5" failed="0" skipped="0">
  <reporter-output>
  </reporter-output>
  <suite started-at="2024-01-25T17:16:53 IST" name="Suite" finished-at="2024-01-25T17:18:22 IST" duration-ms="88451">
    <groups>
    </groups>
    <test started-at="2024-01-25T17:16:53 IST" name="MyTestCase" finished-at="2024-01-25T17:18:22 IST" duration-ms="88451">
      <class name="com.testcases.LogInTestCases">
        <test-method is-config="true" signature="invokeApp(java.lang.String)[pri:0, instance:com.testcases.LogInTestCases@8576fa0]" started-at="2024-01-25T17:16:53 IST" name="invokeApp" finished-at="2024-01-25T17:17:23 IST" duration-ms="29552" status="PASS">
          <params>
            <param index="0">
              <value>
                <![CDATA[chrome]]>
              </value>
            </param>
          </params>
          <reporter-output>
          </reporter-output>
        </test-method> <!-- invokeApp -->
        <test-method signature="pageLandingOnHomepageAndUrlVerificationTC01()[pri:0, instance:com.testcases.LogInTestCases@8576fa0]" started-at="2024-01-25T17:17:23 IST" name="pageLandingOnHomepageAndUrlVerificationTC01" finished-at="2024-01-25T17:17:29 IST" duration-ms="6098" status="PASS">
          <reporter-output>
          </reporter-output>
        </test-method> <!-- pageLandingOnHomepageAndUrlVerificationTC01 -->
        <test-method is-config="true" signature="closebrowser()[pri:0, instance:com.testcases.LogInTestCases@8576fa0]" started-at="2024-01-25T17:17:32 IST" name="closebrowser" finished-at="2024-01-25T17:17:33 IST" duration-ms="348" status="PASS">
          <reporter-output>
          </reporter-output>
        </test-method> <!-- closebrowser -->
        <test-method is-config="true" signature="invokeApp(java.lang.String)[pri:0, instance:com.testcases.LogInTestCases@8576fa0]" started-at="2024-01-25T17:17:33 IST" name="invokeApp" finished-at="2024-01-25T17:17:35 IST" duration-ms="2548" status="PASS">
          <params>
            <param index="0">
              <value>
                <![CDATA[chrome]]>
              </value>
            </param>
          </params>
          <reporter-output>
          </reporter-output>
        </test-method> <!-- invokeApp -->
        <test-method signature="verifyingLogInPageElementsTC02()[pri:0, instance:com.testcases.LogInTestCases@8576fa0]" started-at="2024-01-25T17:17:35 IST" name="verifyingLogInPageElementsTC02" finished-at="2024-01-25T17:17:36 IST" duration-ms="327" status="PASS">
          <reporter-output>
          </reporter-output>
        </test-method> <!-- verifyingLogInPageElementsTC02 -->
        <test-method is-config="true" signature="closebrowser()[pri:0, instance:com.testcases.LogInTestCases@8576fa0]" started-at="2024-01-25T17:17:39 IST" name="closebrowser" finished-at="2024-01-25T17:17:40 IST" duration-ms="1142" status="PASS">
          <reporter-output>
          </reporter-output>
        </test-method> <!-- closebrowser -->
        <test-method is-config="true" signature="invokeApp(java.lang.String)[pri:0, instance:com.testcases.LogInTestCases@8576fa0]" started-at="2024-01-25T17:17:40 IST" name="invokeApp" finished-at="2024-01-25T17:17:43 IST" duration-ms="2663" status="PASS">
          <params>
            <param index="0">
              <value>
                <![CDATA[chrome]]>
              </value>
            </param>
          </params>
          <reporter-output>
          </reporter-output>
        </test-method> <!-- invokeApp -->
        <test-method signature="verifyingLoginPageErrorMsgTC03()[pri:0, instance:com.testcases.LogInTestCases@8576fa0]" started-at="2024-01-25T17:17:43 IST" name="verifyingLoginPageErrorMsgTC03" finished-at="2024-01-25T17:17:43 IST" duration-ms="660" status="PASS">
          <reporter-output>
          </reporter-output>
        </test-method> <!-- verifyingLoginPageErrorMsgTC03 -->
        <test-method is-config="true" signature="closebrowser()[pri:0, instance:com.testcases.LogInTestCases@8576fa0]" started-at="2024-01-25T17:17:47 IST" name="closebrowser" finished-at="2024-01-25T17:17:47 IST" duration-ms="346" status="PASS">
          <reporter-output>
          </reporter-output>
        </test-method> <!-- closebrowser -->
        <test-method is-config="true" signature="invokeApp(java.lang.String)[pri:0, instance:com.testcases.LogInTestCases@8576fa0]" started-at="2024-01-25T17:17:47 IST" name="invokeApp" finished-at="2024-01-25T17:17:50 IST" duration-ms="3390" status="PASS">
          <params>
            <param index="0">
              <value>
                <![CDATA[chrome]]>
              </value>
            </param>
          </params>
          <reporter-output>
          </reporter-output>
        </test-method> <!-- invokeApp -->
        <test-method signature="verifyingLoginwithvalidcredentialsTC04()[pri:0, instance:com.testcases.LogInTestCases@8576fa0]" started-at="2024-01-25T17:17:50 IST" name="verifyingLoginwithvalidcredentialsTC04" finished-at="2024-01-25T17:18:09 IST" duration-ms="18557" status="PASS">
          <reporter-output>
          </reporter-output>
        </test-method> <!-- verifyingLoginwithvalidcredentialsTC04 -->
        <test-method is-config="true" signature="closebrowser()[pri:0, instance:com.testcases.LogInTestCases@8576fa0]" started-at="2024-01-25T17:18:12 IST" name="closebrowser" finished-at="2024-01-25T17:18:12 IST" duration-ms="293" status="PASS">
          <reporter-output>
          </reporter-output>
        </test-method> <!-- closebrowser -->
        <test-method is-config="true" signature="invokeApp(java.lang.String)[pri:0, instance:com.testcases.LogInTestCases@8576fa0]" started-at="2024-01-25T17:18:13 IST" name="invokeApp" finished-at="2024-01-25T17:18:16 IST" duration-ms="2751" status="PASS">
          <params>
            <param index="0">
              <value>
                <![CDATA[chrome]]>
              </value>
            </param>
          </params>
          <reporter-output>
          </reporter-output>
        </test-method> <!-- invokeApp -->
        <test-method signature="verifyingInvalidCredentialerrormsgTC05(java.lang.String,java.lang.String)[pri:0, instance:com.testcases.LogInTestCases@8576fa0]" started-at="2024-01-25T17:18:16 IST" name="verifyingInvalidCredentialerrormsgTC05" data-provider="loginData" finished-at="2024-01-25T17:18:18 IST" duration-ms="1835" status="PASS">
          <params>
            <param index="0">
              <value>
                <![CDATA[newwcsss]]>
              </value>
            </param>
            <param index="1">
              <value>
                <![CDATA[Qatest@12323]]>
              </value>
            </param>
          </params>
          <reporter-output>
          </reporter-output>
        </test-method> <!-- verifyingInvalidCredentialerrormsgTC05 -->
        <test-method is-config="true" signature="closebrowser()[pri:0, instance:com.testcases.LogInTestCases@8576fa0]" started-at="2024-01-25T17:18:21 IST" name="closebrowser" finished-at="2024-01-25T17:18:22 IST" duration-ms="347" status="PASS">
          <reporter-output>
          </reporter-output>
        </test-method> <!-- closebrowser -->
      </class> <!-- com.testcases.LogInTestCases -->
    </test> <!-- MyTestCase -->
  </suite> <!-- Suite -->
</testng-results>
