<?xml version="1.0" encoding="UTF-8"?>
<testng-results ignored="0" total="5" passed="5" failed="0" skipped="0">
  <reporter-output>
  </reporter-output>
  <suite started-at="2024-02-20T12:20:07 IST" name="E-commerce portal automation" finished-at="2024-02-20T12:20:51 IST" duration-ms="43478">
    <groups>
    </groups>
    <test started-at="2024-02-20T12:20:07 IST" name="Test4" finished-at="2024-02-20T12:20:45 IST" duration-ms="37252">
      <class name="xpheno.XphenoSearch">
        <test-method is-config="true" signature="invokeApp(java.lang.String)[pri:0, instance:xpheno.XphenoSearch@58be6e8]" started-at="2024-02-20T12:20:08 IST" name="invokeApp" finished-at="2024-02-20T12:20:18 IST" duration-ms="10349" status="PASS">
          <params>
            <param index="0">
              <value>
                <![CDATA[chrome]]>
              </value>
            </param>
          </params>
          <reporter-output>
          </reporter-output>
        </test-method> <!-- invokeApp -->
        <test-method signature="xphenoSearch()[pri:0, instance:xpheno.XphenoSearch@58be6e8]" started-at="2024-02-20T12:20:18 IST" name="xphenoSearch" finished-at="2024-02-20T12:20:41 IST" duration-ms="22966" status="PASS">
          <reporter-output>
          </reporter-output>
        </test-method> <!-- xphenoSearch -->
        <test-method is-config="true" signature="closebrowser()[pri:0, instance:xpheno.XphenoSearch@58be6e8]" started-at="2024-02-20T12:20:44 IST" name="closebrowser" finished-at="2024-02-20T12:20:45 IST" duration-ms="389" status="PASS">
          <reporter-output>
          </reporter-output>
        </test-method> <!-- closebrowser -->
      </class> <!-- xpheno.XphenoSearch -->
    </test> <!-- Test4 -->
    <test started-at="2024-02-20T12:20:07 IST" name="Test2" finished-at="2024-02-20T12:20:47 IST" duration-ms="39275">
      <class name="xpheno.XphenoSearch">
        <test-method is-config="true" signature="invokeApp(java.lang.String)[pri:0, instance:xpheno.XphenoSearch@545b995e]" started-at="2024-02-20T12:20:08 IST" name="invokeApp" finished-at="2024-02-20T12:20:19 IST" duration-ms="11523" status="PASS">
          <params>
            <param index="0">
              <value>
                <![CDATA[chrome]]>
              </value>
            </param>
          </params>
          <reporter-output>
          </reporter-output>
        </test-method> <!-- invokeApp -->
        <test-method signature="xphenoSearch()[pri:0, instance:xpheno.XphenoSearch@545b995e]" started-at="2024-02-20T12:20:19 IST" name="xphenoSearch" finished-at="2024-02-20T12:20:43 IST" duration-ms="24172" status="PASS">
          <reporter-output>
          </reporter-output>
        </test-method> <!-- xphenoSearch -->
        <test-method is-config="true" signature="closebrowser()[pri:0, instance:xpheno.XphenoSearch@545b995e]" started-at="2024-02-20T12:20:46 IST" name="closebrowser" finished-at="2024-02-20T12:20:47 IST" duration-ms="360" status="PASS">
          <reporter-output>
          </reporter-output>
        </test-method> <!-- closebrowser -->
      </class> <!-- xpheno.XphenoSearch -->
    </test> <!-- Test2 -->
    <test started-at="2024-02-20T12:20:07 IST" name="Test5" finished-at="2024-02-20T12:20:47 IST" duration-ms="39908">
      <class name="xpheno.XphenoSearch">
        <test-method is-config="true" signature="invokeApp(java.lang.String)[pri:0, instance:xpheno.XphenoSearch@2bd08376]" started-at="2024-02-20T12:20:08 IST" name="invokeApp" finished-at="2024-02-20T12:20:18 IST" duration-ms="10518" status="PASS">
          <params>
            <param index="0">
              <value>
                <![CDATA[chrome]]>
              </value>
            </param>
          </params>
          <reporter-output>
          </reporter-output>
        </test-method> <!-- invokeApp -->
        <test-method signature="xphenoSearch()[pri:0, instance:xpheno.XphenoSearch@2bd08376]" started-at="2024-02-20T12:20:18 IST" name="xphenoSearch" finished-at="2024-02-20T12:20:44 IST" duration-ms="25634" status="PASS">
          <reporter-output>
          </reporter-output>
        </test-method> <!-- xphenoSearch -->
        <test-method is-config="true" signature="closebrowser()[pri:0, instance:xpheno.XphenoSearch@2bd08376]" started-at="2024-02-20T12:20:47 IST" name="closebrowser" finished-at="2024-02-20T12:20:47 IST" duration-ms="353" status="PASS">
          <reporter-output>
          </reporter-output>
        </test-method> <!-- closebrowser -->
      </class> <!-- xpheno.XphenoSearch -->
    </test> <!-- Test5 -->
    <test started-at="2024-02-20T12:20:07 IST" name="Test1" finished-at="2024-02-20T12:20:51 IST" duration-ms="43183">
      <class name="xpheno.XphenoSearch">
        <test-method is-config="true" signature="invokeApp(java.lang.String)[pri:0, instance:xpheno.XphenoSearch@338c99c8]" started-at="2024-02-20T12:20:08 IST" name="invokeApp" finished-at="2024-02-20T12:20:19 IST" duration-ms="11217" status="PASS">
          <params>
            <param index="0">
              <value>
                <![CDATA[chrome]]>
              </value>
            </param>
          </params>
          <reporter-output>
          </reporter-output>
        </test-method> <!-- invokeApp -->
        <test-method signature="xphenoSearch()[pri:0, instance:xpheno.XphenoSearch@338c99c8]" started-at="2024-02-20T12:20:19 IST" name="xphenoSearch" finished-at="2024-02-20T12:20:47 IST" duration-ms="28421" status="PASS">
          <reporter-output>
          </reporter-output>
        </test-method> <!-- xphenoSearch -->
        <test-method is-config="true" signature="closebrowser()[pri:0, instance:xpheno.XphenoSearch@338c99c8]" started-at="2024-02-20T12:20:50 IST" name="closebrowser" finished-at="2024-02-20T12:20:51 IST" duration-ms="313" status="PASS">
          <reporter-output>
          </reporter-output>
        </test-method> <!-- closebrowser -->
      </class> <!-- xpheno.XphenoSearch -->
    </test> <!-- Test1 -->
    <test started-at="2024-02-20T12:20:07 IST" name="Test3" finished-at="2024-02-20T12:20:51 IST" duration-ms="43478">
      <class name="xpheno.XphenoSearch">
        <test-method is-config="true" signature="invokeApp(java.lang.String)[pri:0, instance:xpheno.XphenoSearch@29526c05]" started-at="2024-02-20T12:20:08 IST" name="invokeApp" finished-at="2024-02-20T12:20:19 IST" duration-ms="11895" status="PASS">
          <params>
            <param index="0">
              <value>
                <![CDATA[chrome]]>
              </value>
            </param>
          </params>
          <reporter-output>
          </reporter-output>
        </test-method> <!-- invokeApp -->
        <test-method signature="xphenoSearch()[pri:0, instance:xpheno.XphenoSearch@29526c05]" started-at="2024-02-20T12:20:19 IST" name="xphenoSearch" finished-at="2024-02-20T12:20:47 IST" duration-ms="28011" status="PASS">
          <reporter-output>
          </reporter-output>
        </test-method> <!-- xphenoSearch -->
        <test-method is-config="true" signature="closebrowser()[pri:0, instance:xpheno.XphenoSearch@29526c05]" started-at="2024-02-20T12:20:51 IST" name="closebrowser" finished-at="2024-02-20T12:20:51 IST" duration-ms="312" status="PASS">
          <reporter-output>
          </reporter-output>
        </test-method> <!-- closebrowser -->
      </class> <!-- xpheno.XphenoSearch -->
    </test> <!-- Test3 -->
  </suite> <!-- E-commerce portal automation -->
</testng-results>
