<?xml version="1.0" encoding="UTF-8"?>
<!-- Generated by org.testng.reporters.JUnitXMLReporter -->
<testsuite ignored="0" hostname="Ranjith-290B2G2" failures="0" tests="5" name="Test on edge" time="41.242" errors="0" timestamp="2023-08-25T14:36:41 IST">
  <testcase classname="com.testcases.TC001" name="pageLandingOnHomepageAndUrlVerification" time="0.015"/>
  <testcase classname="com.testcases.TC002" name="logInPageElementsVerification" time="0.374"/>
  <testcase classname="com.testcases.TC003" name="loginPageErrorMsgVerification" time="0.617"/>
  <testcase classname="com.testcases.TC004" name="loginwithvalidcredentials" time="17.232"/>
  <testcase classname="com.testcases.TC005" name="invalidCredentialerrormsg" time="1.434"/>
</testsuite> <!-- Test on edge -->
