<?xml version="1.0" encoding="UTF-8"?>
<!-- Generated by org.testng.reporters.JUnitXMLReporter -->
<testsuite ignored="0" hostname="Ranjith-290B2G2" failures="0" tests="16" name="Test run on edge" time="700.264" errors="0" timestamp="2023-09-05T13:51:23 IST">
  <testcase classname="com.testcases.TC001" name="pageLandingOnHomepageAndUrlVerification" time="3.015"/>
  <testcase classname="com.testcases.TC002" name="verifyingLogInPageElements" time="0.323"/>
  <testcase classname="com.testcases.TC003" name="verifyingLoginPageErrorMsg" time="0.583"/>
  <testcase classname="com.testcases.TC004" name="verifyingLoginwithvalidcredentials" time="22.116"/>
  <testcase classname="com.testcases.TC005" name="verifyingInvalidCredentialerrormsg" time="2.132"/>
  <testcase classname="com.testcases.TC006" name="verifyingForgetPwdPageNavigation" time="18.608"/>
  <testcase classname="com.testcases.TC007" name="verifyingErrorMsgOfResetPasswordPage" time="60.067"/>
  <testcase classname="com.testcases.TC008" name="verifyingResetPasswordflow" time="64.718"/>
  <testcase classname="com.testcases.TC009" name="verifyingProfileDetails" time="20.545"/>
  <testcase classname="com.testcases.TC010" name="verifyinguserabletoeditprofiledetails" time="19.943"/>
  <testcase classname="com.testcases.TC011" name="verifyingProfilePictureUpload" time="31.019"/>
  <testcase classname="com.testcases.TC012" name="verifyingLogoutFlow" time="27.935"/>
  <testcase classname="com.testcases.TC013" name="voucherCreationAsCSS" time="54.054"/>
  <testcase classname="com.testcases.TC014" name="voucherCreationAsGuest" time="43.439"/>
  <testcase classname="com.testcases.TC015" name="cancellingVoucher" time="24.361"/>
  <testcase classname="com.testcases.TC016" name="redeemingVoucherAsCSS" time="121.486"/>
</testsuite> <!-- Test run on edge -->
