<?xml version="1.0" encoding="UTF-8"?>
<!-- Generated by org.testng.reporters.JUnitXMLReporter -->
<testsuite ignored="0" hostname="Ranjith-290B2G2" failures="0" tests="16" name="Test run on chrome" time="639.537" errors="0" timestamp="2023-09-05T13:28:17 IST">
  <testcase classname="com.testcases.TC001" name="pageLandingOnHomepageAndUrlVerification" time="3.075"/>
  <testcase classname="com.testcases.TC002" name="verifyingLogInPageElements" time="0.397"/>
  <testcase classname="com.testcases.TC003" name="verifyingLoginPageErrorMsg" time="0.717"/>
  <testcase classname="com.testcases.TC004" name="verifyingLoginwithvalidcredentials" time="18.259"/>
  <testcase classname="com.testcases.TC005" name="verifyingInvalidCredentialerrormsg" time="1.873"/>
  <testcase classname="com.testcases.TC006" name="verifyingForgetPwdPageNavigation" time="18.985"/>
  <testcase classname="com.testcases.TC007" name="verifyingErrorMsgOfResetPasswordPage" time="63.03"/>
  <testcase classname="com.testcases.TC008" name="verifyingResetPasswordflow" time="65.991"/>
  <testcase classname="com.testcases.TC009" name="verifyingProfileDetails" time="22.979"/>
  <testcase classname="com.testcases.TC010" name="verifyinguserabletoeditprofiledetails" time="20.28"/>
  <testcase classname="com.testcases.TC011" name="verifyingProfilePictureUpload" time="35.948"/>
  <testcase classname="com.testcases.TC012" name="verifyingLogoutFlow" time="28.484"/>
  <testcase classname="com.testcases.TC013" name="voucherCreationAsCSS" time="57.263"/>
  <testcase classname="com.testcases.TC014" name="voucherCreationAsGuest" time="42.857"/>
  <testcase classname="com.testcases.TC015" name="cancellingVoucher" time="27.326"/>
  <testcase classname="com.testcases.TC016" name="redeemingVoucherAsCSS" time="123.422"/>
</testsuite> <!-- Test run on chrome -->
